<?xml version="1.0" encoding="UTF-8"?>
<!-- Generated by org.testng.reporters.JUnitReportReporter -->
<testsuite hostname="DESKTOP-4VSPG3O" failures="0" tests="8" name="testscenarios.testcases" time="15.306" errors="0" timestamp="2023-10-10T17:19:19 NPT" skipped="0">
  <testcase classname="testscenarios.testcases" name="Computeredit" time="2.751"/>
  <testcase classname="testscenarios.testcases" name="Computeraddinvalidname" time="1.953"/>
  <testcase classname="testscenarios.testcases" name="Computeraddwrongintrodate" time="1.748"/>
  <testcase classname="testscenarios.testcases" name="Computeraddwrongdisdate" time="1.971"/>
  <testcase classname="testscenarios.testcases" name="Computeraddinvaliddisdate" time="1.911"/>
  <testcase classname="testscenarios.testcases" name="Computeraddvalid" time="2.195"/>
  <testcase classname="testscenarios.testcases" name="Computerdelete" time="1.846"/>
  <testcase classname="testscenarios.testcases" name="Computersearch" time="0.931"/>
</testsuite> <!-- testscenarios.testcases -->
